<?xml version="1.0" encoding="UTF-8"?>
<!-- Generated by org.testng.reporters.JUnitXMLReporter -->
<testsuite ignored="0" hostname="DESKTOP-GQJK560" failures="0" tests="7" name="Default test" time="65.996" errors="0" timestamp="2022-10-11T20:47:33 IST">
  <testcase classname="com.demo.FlipkartTestChrome" name="closeLogin" time="2.069"/>
  <testcase classname="com.demo.FlipkartTestChrome" name="scroll" time="6.47"/>
  <testcase classname="com.demo.FlipkartTestChrome" name="searchProduct" time="5.701"/>
  <testcase classname="com.demo.FlipkartTestChrome" name="loadImage" time="11.438"/>
  <testcase classname="com.demo.FlipkartTestChrome" name="scrollFrequency" time="2.546"/>
  <testcase classname="com.demo.FlipkartTestChrome" name="downloadImages" time="0.221"/>
  <testcase classname="com.demo.FlipkartTestChrome" name="screenResolution" time="7.816"/>
</testsuite> <!-- Default test -->
