<?xml version="1.0" encoding="UTF-8"?>
<testng-results ignored="0" total="3" passed="3" failed="0" skipped="0">
  <reporter-output>
  </reporter-output>
  <suite started-at="2022-10-02T21:03:11 IST" name="Default suite" finished-at="2022-10-02T21:05:27 IST" duration-ms="136219">
    <groups>
    </groups>
    <test started-at="2022-10-02T21:03:11 IST" name="Default test" finished-at="2022-10-02T21:05:27 IST" duration-ms="136219">
      <class name="com.ecom.webapp.Testing">
        <test-method is-config="true" signature="startbrowser()[pri:0, instance:com.ecom.webapp.Testing@223aa2f7]" started-at="2022-10-02T21:03:11 IST" name="startbrowser" finished-at="2022-10-02T21:03:24 IST" duration-ms="13270" status="PASS">
          <reporter-output>
          </reporter-output>
        </test-method> <!-- startbrowser -->
        <test-method signature="register()[pri:1, instance:com.ecom.webapp.Testing@223aa2f7]" started-at="2022-10-02T21:03:24 IST" name="register" finished-at="2022-10-02T21:03:58 IST" duration-ms="34011" status="PASS">
          <reporter-output>
          </reporter-output>
        </test-method> <!-- register -->
        <test-method is-config="true" signature="closeBrowser()[pri:0, instance:com.ecom.webapp.Testing@223aa2f7]" started-at="2022-10-02T21:03:58 IST" name="closeBrowser" finished-at="2022-10-02T21:04:00 IST" duration-ms="2462" status="PASS">
          <reporter-output>
          </reporter-output>
        </test-method> <!-- closeBrowser -->
        <test-method is-config="true" signature="startbrowser()[pri:0, instance:com.ecom.webapp.Testing@223aa2f7]" started-at="2022-10-02T21:04:00 IST" name="startbrowser" finished-at="2022-10-02T21:04:12 IST" duration-ms="11376" status="PASS">
          <reporter-output>
          </reporter-output>
        </test-method> <!-- startbrowser -->
        <test-method signature="login()[pri:2, instance:com.ecom.webapp.Testing@223aa2f7]" started-at="2022-10-02T21:04:12 IST" name="login" finished-at="2022-10-02T21:04:31 IST" duration-ms="18831" status="PASS">
          <reporter-output>
          </reporter-output>
        </test-method> <!-- login -->
        <test-method is-config="true" signature="closeBrowser()[pri:0, instance:com.ecom.webapp.Testing@223aa2f7]" started-at="2022-10-02T21:04:31 IST" name="closeBrowser" finished-at="2022-10-02T21:04:31 IST" duration-ms="122" status="PASS">
          <reporter-output>
          </reporter-output>
        </test-method> <!-- closeBrowser -->
        <test-method is-config="true" signature="startbrowser()[pri:0, instance:com.ecom.webapp.Testing@223aa2f7]" started-at="2022-10-02T21:04:31 IST" name="startbrowser" finished-at="2022-10-02T21:04:45 IST" duration-ms="14654" status="PASS">
          <reporter-output>
          </reporter-output>
        </test-method> <!-- startbrowser -->
        <test-method signature="addToCart()[pri:3, instance:com.ecom.webapp.Testing@223aa2f7]" started-at="2022-10-02T21:04:45 IST" name="addToCart" finished-at="2022-10-02T21:05:24 IST" duration-ms="38972" status="PASS">
          <reporter-output>
          </reporter-output>
        </test-method> <!-- addToCart -->
        <test-method is-config="true" signature="closeBrowser()[pri:0, instance:com.ecom.webapp.Testing@223aa2f7]" started-at="2022-10-02T21:05:24 IST" name="closeBrowser" finished-at="2022-10-02T21:05:27 IST" duration-ms="2458" status="PASS">
          <reporter-output>
          </reporter-output>
        </test-method> <!-- closeBrowser -->
      </class> <!-- com.ecom.webapp.Testing -->
    </test> <!-- Default test -->
  </suite> <!-- Default suite -->
</testng-results>
