<?xml version="1.0" encoding="UTF-8"?>
<testng-results ignored="5" total="9" passed="4" failed="0" skipped="0">
  <reporter-output>
  </reporter-output>
  <suite started-at="2022-09-27T12:19:38 IST" name="Suite" finished-at="2022-09-27T12:19:38 IST" duration-ms="217">
    <groups>
    </groups>
    <test started-at="2022-09-27T12:19:38 IST" name="HomeLoanTests" finished-at="2022-09-27T12:19:38 IST" duration-ms="78">
      <class name="loanapplications.HomeLoanApplicationTests">
        <test-method signature="APIHomeLoan()[pri:0, instance:loanapplications.HomeLoanApplicationTests@61d6015a]" started-at="2022-09-27T12:19:38 IST" name="APIHomeLoan" finished-at="2022-09-27T12:19:38 IST" duration-ms="11" status="PASS">
          <reporter-output>
          </reporter-output>
        </test-method> <!-- APIHomeLoan -->
        <test-method signature="MobileHomeLoan()[pri:0, instance:loanapplications.HomeLoanApplicationTests@61d6015a]" started-at="2022-09-27T12:19:38 IST" name="MobileHomeLoan" finished-at="2022-09-27T12:19:38 IST" duration-ms="3" status="PASS">
          <reporter-output>
          </reporter-output>
        </test-method> <!-- MobileHomeLoan -->
      </class> <!-- loanapplications.HomeLoanApplicationTests -->
    </test> <!-- HomeLoanTests -->
    <test started-at="2022-09-27T12:19:38 IST" name="PersonalLoanTests" finished-at="2022-09-27T12:19:38 IST" duration-ms="13">
      <class name="loanapplications.PersonalLoanApplicationTests">
        <test-method signature="PersonalLoanLoginAPI()[pri:0, instance:loanapplications.PersonalLoanApplicationTests@2df9b86]" started-at="2022-09-27T12:19:38 IST" name="PersonalLoanLoginAPI" finished-at="2022-09-27T12:19:38 IST" duration-ms="2" status="PASS">
          <reporter-output>
          </reporter-output>
        </test-method> <!-- PersonalLoanLoginAPI -->
      </class> <!-- loanapplications.PersonalLoanApplicationTests -->
    </test> <!-- PersonalLoanTests -->
    <test started-at="2022-09-27T12:19:38 IST" name="CarLoanTests" finished-at="2022-09-27T12:19:38 IST" duration-ms="16">
      <class name="loanapplications.CarLoanApplicationTests">
        <test-method signature="CarLoanLoginAPI()[pri:0, instance:loanapplications.CarLoanApplicationTests@ea6147e]" started-at="2022-09-27T12:19:38 IST" name="CarLoanLoginAPI" finished-at="2022-09-27T12:19:38 IST" duration-ms="2" status="PASS">
          <reporter-output>
          </reporter-output>
        </test-method> <!-- CarLoanLoginAPI -->
      </class> <!-- loanapplications.CarLoanApplicationTests -->
    </test> <!-- CarLoanTests -->
  </suite> <!-- Suite -->
</testng-results>
