<?xml version="1.0" encoding="UTF-8"?>
<!-- Generated by org.testng.reporters.JUnitXMLReporter -->
<testsuite ignored="0" hostname="DESKTOP-GQJK560" failures="0" tests="3" name="Default test" time="136.219" errors="0" timestamp="2022-10-02T21:05:27 IST">
  <testcase classname="com.ecom.webapp.Testing" name="register" time="34.011"/>
  <testcase classname="com.ecom.webapp.Testing" name="login" time="18.831"/>
  <testcase classname="com.ecom.webapp.Testing" name="addToCart" time="38.972"/>
</testsuite> <!-- Default test -->
