<?xml version="1.0" encoding="UTF-8"?>
<testng-results ignored="0" total="7" passed="7" failed="0" skipped="0">
  <reporter-output>
  </reporter-output>
  <suite started-at="2022-10-11T20:46:27 IST" name="Default suite" finished-at="2022-10-11T20:47:33 IST" duration-ms="65996">
    <groups>
    </groups>
    <test started-at="2022-10-11T20:46:27 IST" name="Default test" finished-at="2022-10-11T20:47:33 IST" duration-ms="65996">
      <class name="com.demo.FlipkartTestChrome">
        <test-method is-config="true" signature="beforeClass()[pri:0, instance:com.demo.FlipkartTestChrome@19932c16]" started-at="2022-10-11T20:46:27 IST" name="beforeClass" finished-at="2022-10-11T20:46:57 IST" duration-ms="29672" status="PASS">
          <reporter-output>
          </reporter-output>
        </test-method> <!-- beforeClass -->
        <test-method signature="closeLogin()[pri:1, instance:com.demo.FlipkartTestChrome@19932c16]" started-at="2022-10-11T20:46:57 IST" name="closeLogin" finished-at="2022-10-11T20:46:59 IST" duration-ms="2069" status="PASS">
          <reporter-output>
          </reporter-output>
        </test-method> <!-- closeLogin -->
        <test-method signature="scroll()[pri:2, instance:com.demo.FlipkartTestChrome@19932c16]" started-at="2022-10-11T20:46:59 IST" name="scroll" finished-at="2022-10-11T20:47:06 IST" duration-ms="6470" status="PASS">
          <reporter-output>
          </reporter-output>
        </test-method> <!-- scroll -->
        <test-method signature="searchProduct()[pri:3, instance:com.demo.FlipkartTestChrome@19932c16]" started-at="2022-10-11T20:47:06 IST" name="searchProduct" finished-at="2022-10-11T20:47:11 IST" duration-ms="5701" status="PASS">
          <reporter-output>
          </reporter-output>
        </test-method> <!-- searchProduct -->
        <test-method signature="loadImage()[pri:4, instance:com.demo.FlipkartTestChrome@19932c16]" started-at="2022-10-11T20:47:11 IST" name="loadImage" finished-at="2022-10-11T20:47:23 IST" duration-ms="11438" status="PASS">
          <reporter-output>
          </reporter-output>
        </test-method> <!-- loadImage -->
        <test-method signature="scrollFrequency()[pri:5, instance:com.demo.FlipkartTestChrome@19932c16]" started-at="2022-10-11T20:47:23 IST" name="scrollFrequency" finished-at="2022-10-11T20:47:25 IST" duration-ms="2546" status="PASS">
          <reporter-output>
          </reporter-output>
        </test-method> <!-- scrollFrequency -->
        <test-method signature="downloadImages()[pri:6, instance:com.demo.FlipkartTestChrome@19932c16]" started-at="2022-10-11T20:47:25 IST" name="downloadImages" finished-at="2022-10-11T20:47:26 IST" duration-ms="221" status="PASS">
          <reporter-output>
          </reporter-output>
        </test-method> <!-- downloadImages -->
        <test-method signature="screenResolution()[pri:7, instance:com.demo.FlipkartTestChrome@19932c16]" started-at="2022-10-11T20:47:26 IST" name="screenResolution" finished-at="2022-10-11T20:47:33 IST" duration-ms="7816" status="PASS">
          <reporter-output>
          </reporter-output>
        </test-method> <!-- screenResolution -->
        <test-method is-config="true" signature="afterClass()[pri:0, instance:com.demo.FlipkartTestChrome@19932c16]" started-at="2022-10-11T20:47:33 IST" name="afterClass" finished-at="2022-10-11T20:47:33 IST" duration-ms="1" status="PASS">
          <reporter-output>
          </reporter-output>
        </test-method> <!-- afterClass -->
      </class> <!-- com.demo.FlipkartTestChrome -->
    </test> <!-- Default test -->
  </suite> <!-- Default suite -->
</testng-results>
